<?xml version="1.0" encoding="UTF-8"?>
<!-- Generated by org.testng.reporters.JUnitReportReporter -->
<testsuite hostname="LAPTOP-DFDTRN2Q" failures="0" tests="1" name="SeleniumLocators.Locators" time="8.986" errors="0" timestamp="2022-05-03T15:15:22 IST" skipped="0">
  <testcase classname="SeleniumLocators.Locators" name="run" time="8.986"/>
  <system-out/>
</testsuite> <!-- SeleniumLocators.Locators -->
